This is pdfTeX, Version 3.141592653-2.6-1.40.25 (TeX Live 2023) (preloaded format=pdflatex 2024.2.11)  22 JUN 2024 12:25
entering extended mode
 restricted \write18 enabled.
 %&-line parsing enabled.
**MMX_Compendium.tex
(./MMX_Compendium.tex
LaTeX2e <2023-11-01> patch level 1
L3 programming layer <2024-01-22>
(c:/texlive/2023/texmf-dist/tex/latex/base/report.cls
Document Class: report 2023/05/17 v1.4n Standard LaTeX document class
(c:/texlive/2023/texmf-dist/tex/latex/base/size10.clo
File: size10.clo 2023/05/17 v1.4n Standard LaTeX file (size option)
)
\c@part=\count187
\c@chapter=\count188
\c@section=\count189
\c@subsection=\count190
\c@subsubsection=\count191
\c@paragraph=\count192
\c@subparagraph=\count193
\c@figure=\count194
\c@table=\count195
\abovecaptionskip=\skip48
\belowcaptionskip=\skip49
\bibindent=\dimen140
)
(c:/texlive/2023/texmf-dist/tex/latex/base/inputenc.sty
Package: inputenc 2021/02/14 v1.3d Input encoding file
\inpenc@prehook=\toks17
\inpenc@posthook=\toks18
)
(c:/texlive/2023/texmf-dist/tex/latex/base/fontenc.sty
Package: fontenc 2021/04/29 v2.0v Standard LaTeX package
)
(c:/texlive/2023/texmf-dist/tex/generic/babel/babel.sty
Package: babel 2024/02/07 v24.2 The Babel package
\babel@savecnt=\count196
\U@D=\dimen141
\l@unhyphenated=\language89

(c:/texlive/2023/texmf-dist/tex/generic/babel/txtbabel.def)
\bbl@readstream=\read2
\bbl@dirlevel=\count197

(c:/texlive/2023/texmf-dist/tex/generic/babel-english/english.ldf
Language: english 2017/06/06 v3.3r English support from the babel system
Package babel Info: Hyphen rules for 'canadian' set to \l@english
(babel)             (\language0). Reported on input line 102.
Package babel Info: Hyphen rules for 'australian' set to \l@ukenglish
(babel)             (\language23). Reported on input line 105.
Package babel Info: Hyphen rules for 'newzealand' set to \l@ukenglish
(babel)             (\language23). Reported on input line 108.
))
(c:/texlive/2023/texmf-dist/tex/generic/babel/locale/en/babel-english.tex
Package babel Info: Importing font and identification data for english
(babel)             from babel-en.ini. Reported on input line 11.
)
(c:/texlive/2023/texmf-dist/tex/latex/xcolor/xcolor.sty
Package: xcolor 2023/11/15 v3.01 LaTeX color extensions (UK)

(c:/texlive/2023/texmf-dist/tex/latex/graphics-cfg/color.cfg
File: color.cfg 2016/01/02 v1.6 sample color configuration
)
Package xcolor Info: Driver file: pdftex.def on input line 274.

(c:/texlive/2023/texmf-dist/tex/latex/graphics-def/pdftex.def
File: pdftex.def 2022/09/22 v1.2b Graphics/color driver for pdftex
)
(c:/texlive/2023/texmf-dist/tex/latex/graphics/mathcolor.ltx)
Package xcolor Info: Model `cmy' substituted by `cmy0' on input line 1350.
Package xcolor Info: Model `hsb' substituted by `rgb' on input line 1354.
Package xcolor Info: Model `RGB' extended on input line 1366.
Package xcolor Info: Model `HTML' substituted by `rgb' on input line 1368.
Package xcolor Info: Model `Hsb' substituted by `hsb' on input line 1369.
Package xcolor Info: Model `tHsb' substituted by `hsb' on input line 1370.
Package xcolor Info: Model `HSB' substituted by `hsb' on input line 1371.
Package xcolor Info: Model `Gray' substituted by `gray' on input line 1372.
Package xcolor Info: Model `wave' substituted by `hsb' on input line 1373.
)
(c:/texlive/2023/texmf-dist/tex/latex/colortbl/colortbl.sty
Package: colortbl 2022/06/20 v1.0f Color table columns (DPC)

(c:/texlive/2023/texmf-dist/tex/latex/tools/array.sty
Package: array 2023/10/16 v2.5g Tabular extension package (FMi)
\col@sep=\dimen142
\ar@mcellbox=\box51
\extrarowheight=\dimen143
\NC@list=\toks19
\extratabsurround=\skip50
\backup@length=\skip51
\ar@cellbox=\box52
)
\everycr=\toks20
\minrowclearance=\skip52
\rownum=\count198
)
(c:/texlive/2023/texmf-dist/tex/latex/graphics/dvipsnam.def
File: dvipsnam.def 2016/06/17 v3.0m Driver-dependent file (DPC,SPQR)
)
(c:/texlive/2023/texmf-dist/tex/latex/tools/xspace.sty
Package: xspace 2014/10/28 v1.13 Space after command names (DPC,MH)
)
(c:/texlive/2023/texmf-dist/tex/latex/appendix/appendix.sty
Package: appendix 2020/02/08 v1.2c extra appendix facilities
\c@@pps=\count199
\c@@ppsavesec=\count266
\c@@ppsaveapp=\count267
)
(c:/texlive/2023/texmf-dist/tex/latex/wrapfig/wrapfig.sty
\wrapoverhang=\dimen144
\WF@size=\dimen145
\c@WF@wrappedlines=\count268
\WF@box=\box53
\WF@everypar=\toks21
Package: wrapfig 2003/01/31  v 3.6
)
(c:/texlive/2023/texmf-dist/tex/latex/graphics/graphicx.sty
Package: graphicx 2021/09/16 v1.2d Enhanced LaTeX Graphics (DPC,SPQR)

(c:/texlive/2023/texmf-dist/tex/latex/graphics/keyval.sty
Package: keyval 2022/05/29 v1.15 key=value parser (DPC)
\KV@toks@=\toks22
)
(c:/texlive/2023/texmf-dist/tex/latex/graphics/graphics.sty
Package: graphics 2022/03/10 v1.4e Standard LaTeX Graphics (DPC,SPQR)

(c:/texlive/2023/texmf-dist/tex/latex/graphics/trig.sty
Package: trig 2021/08/11 v1.11 sin cos tan (DPC)
)
(c:/texlive/2023/texmf-dist/tex/latex/graphics-cfg/graphics.cfg
File: graphics.cfg 2016/06/04 v1.11 sample graphics configuration
)
Package graphics Info: Driver file: pdftex.def on input line 107.
)
\Gin@req@height=\dimen146
\Gin@req@width=\dimen147
)
(c:/texlive/2023/texmf-dist/tex/latex/caption/subcaption.sty
Package: subcaption 2023/07/28 v1.6b Sub-captions (AR)

(c:/texlive/2023/texmf-dist/tex/latex/caption/caption.sty
Package: caption 2023/08/05 v3.6o Customizing captions (AR)

(c:/texlive/2023/texmf-dist/tex/latex/caption/caption3.sty
Package: caption3 2023/07/31 v2.4d caption3 kernel (AR)
\caption@tempdima=\dimen148
\captionmargin=\dimen149
\caption@leftmargin=\dimen150
\caption@rightmargin=\dimen151
\caption@width=\dimen152
\caption@indent=\dimen153
\caption@parindent=\dimen154
\caption@hangindent=\dimen155
Package caption Info: Standard document class detected.
)
\c@caption@flags=\count269
\c@continuedfloat=\count270
Package caption Info: wrapfig package is loaded.
)
Package caption Info: New subtype `subfigure' on input line 238.
\c@subfigure=\count271
Package caption Info: New subtype `subtable' on input line 238.
\c@subtable=\count272
)
(c:/texlive/2023/texmf-dist/tex/latex/csquotes/csquotes.sty
Package: csquotes 2022-09-14 v5.2n context-sensitive quotations (JAW)

(c:/texlive/2023/texmf-dist/tex/latex/etoolbox/etoolbox.sty
Package: etoolbox 2020/10/05 v2.5k e-TeX tools for LaTeX (JAW)
\etb@tempcnta=\count273
)
\csq@reset=\count274
\csq@gtype=\count275
\csq@glevel=\count276
\csq@qlevel=\count277
\csq@maxlvl=\count278
\csq@tshold=\count279
\csq@ltx@everypar=\toks23

(c:/texlive/2023/texmf-dist/tex/latex/csquotes/csquotes.def
File: csquotes.def 2022-09-14 v5.2n csquotes generic definitions (JAW)
)
Package csquotes Info: Trying to load configuration file 'csquotes.cfg'...
Package csquotes Info: ... configuration file loaded successfully.

(c:/texlive/2023/texmf-dist/tex/latex/csquotes/csquotes.cfg
File: csquotes.cfg 
))
(c:/texlive/2023/texmf-dist/tex/latex/tools/longtable.sty
Package: longtable 2023-11-01 v4.19 Multi-page Table package (DPC)
\LTleft=\skip53
\LTright=\skip54
\LTpre=\skip55
\LTpost=\skip56
\LTchunksize=\count280
\LTcapwidth=\dimen156
\LT@head=\box54
\LT@firsthead=\box55
\LT@foot=\box56
\LT@lastfoot=\box57
\LT@gbox=\box58
\LT@cols=\count281
\LT@rows=\count282
\c@LT@tables=\count283
\c@LT@chunks=\count284
\LT@p@ftn=\toks24
)
(c:/texlive/2023/texmf-dist/tex/latex/booktabs/booktabs.sty
Package: booktabs 2020/01/12 v1.61803398 Publication quality tables
\heavyrulewidth=\dimen157
\lightrulewidth=\dimen158
\cmidrulewidth=\dimen159
\belowrulesep=\dimen160
\belowbottomsep=\dimen161
\aboverulesep=\dimen162
\abovetopsep=\dimen163
\cmidrulesep=\dimen164
\cmidrulekern=\dimen165
\defaultaddspace=\dimen166
\@cmidla=\count285
\@cmidlb=\count286
\@aboverulesep=\dimen167
\@belowrulesep=\dimen168
\@thisruleclass=\count287
\@lastruleclass=\count288
\@thisrulewidth=\dimen169
)
(c:/texlive/2023/texmf-dist/tex/latex/makecell/makecell.sty
Package: makecell 2009/08/03 V0.1e Managing of Tab Column Heads and Cells
\rotheadsize=\dimen170
\c@nlinenum=\count289
\TeXr@lab=\toks25
)
(c:/texlive/2023/texmf-dist/tex/latex/bosisio/quotes.sty
Package: quotes 1997/12/20 v2.2 Commands to use double quotes (FB)
)
(c:/texlive/2023/texmf-dist/tex/latex/awesomebox/awesomebox.sty
Package: awesomebox 2019/07/27 v0.6

(c:/texlive/2023/texmf-dist/tex/latex/fontawesome5/fontawesome5.sty
(c:/texlive/2023/texmf-dist/tex/latex/l3kernel/expl3.sty
Package: expl3 2024-01-22 L3 programming layer (loader) 

(c:/texlive/2023/texmf-dist/tex/latex/l3backend/l3backend-pdftex.def
File: l3backend-pdftex.def 2024-01-04 L3 backend support: PDF output (pdfTeX)
\l__color_backend_stack_int=\count290
\l__pdf_internal_box=\box59
))
Package: fontawesome5 2022/05/02 v5.15.4 Font Awesome 5

(c:/texlive/2023/texmf-dist/tex/latex/l3packages/l3keys2e/l3keys2e.sty
Package: l3keys2e 2023-10-10 LaTeX2e option processing using LaTeX3 keys
)
(c:/texlive/2023/texmf-dist/tex/latex/l3packages/xparse/xparse.sty
Package: xparse 2023-10-10 L3 Experimental document command parser
)
(c:/texlive/2023/texmf-dist/tex/latex/fontawesome5/fontawesome5-generic-helper.
sty
Package: fontawesome5-generic-helper 2022/05/02 v5.15.4 non-uTeX helper for fon
tawesome5
 (c:/texlive/2023/texmf-dist/tex/latex/fontawesome5/fontawesome5-mapping.def)))
\aweboxleftmargin=\skip57
\aweboxcontentwidth=\skip58
\aweboxvskip=\skip59
\aweboxsignraise=\skip60
\aweboxrulewidth=\skip61
 (c:/texlive/2023/texmf-dist/tex/latex/base/ifthen.sty
Package: ifthen 2022/04/13 v1.1d Standard LaTeX ifthen package (DPC)
)
\aweboxlinewidthvar=\skip62
\aweboxlinewidthref=\skip63
)
(c:/texlive/2023/texmf-dist/tex/latex/ltablex/ltablex.sty
Package: ltablex 2014/08/13 v1.1 Modified tabularx

(c:/texlive/2023/texmf-dist/tex/latex/tools/tabularx.sty
Package: tabularx 2023/07/08 v2.11c `tabularx' package (DPC)
\TX@col@width=\dimen171
\TX@old@table=\dimen172
\TX@old@col=\dimen173
\TX@target=\dimen174
\TX@delta=\dimen175
\TX@cols=\count291
\TX@ftn=\toks26
))
(c:/texlive/2023/texmf-dist/tex/latex/tablefootnote/tablefootnote.sty
Package: tablefootnote 2014/01/26 v1.1c Table foot notes (HMM)

(c:/texlive/2023/texmf-dist/tex/generic/ltxcmds/ltxcmds.sty
Package: ltxcmds 2023-12-04 v1.26 LaTeX kernel commands for general use (HO)
)
(c:/texlive/2023/texmf-dist/tex/latex/letltxmacro/letltxmacro.sty
Package: letltxmacro 2019/12/03 v1.6 Let assignment for LaTeX macros (HO)
)
(c:/texlive/2023/texmf-dist/tex/latex/xifthen/xifthen.sty
Package: xifthen 2015/11/05 v1.4.0 Extended ifthen features

(c:/texlive/2023/texmf-dist/tex/latex/tools/calc.sty
Package: calc 2023/07/08 v4.3 Infix arithmetic (KKT,FJ)
\calc@Acount=\count292
\calc@Bcount=\count293
\calc@Adimen=\dimen176
\calc@Bdimen=\dimen177
\calc@Askip=\skip64
\calc@Bskip=\skip65
LaTeX Info: Redefining \setlength on input line 80.
LaTeX Info: Redefining \addtolength on input line 81.
\calc@Ccount=\count294
\calc@Cskip=\skip66
)
(c:/texlive/2023/texmf-dist/tex/latex/ifmtarg/ifmtarg.sty
Package: ifmtarg 2018/04/16 v1.2b check for an empty argument
)))
(c:/texlive/2023/texmf-dist/tex/latex/hyperref/hyperref.sty
Package: hyperref 2024-01-20 v7.01h Hypertext links for LaTeX

(c:/texlive/2023/texmf-dist/tex/generic/iftex/iftex.sty
Package: iftex 2022/02/03 v1.0f TeX engine tests
)
(c:/texlive/2023/texmf-dist/tex/latex/kvsetkeys/kvsetkeys.sty
Package: kvsetkeys 2022-10-05 v1.19 Key value parser (HO)
)
(c:/texlive/2023/texmf-dist/tex/generic/kvdefinekeys/kvdefinekeys.sty
Package: kvdefinekeys 2019-12-19 v1.6 Define keys (HO)
)
(c:/texlive/2023/texmf-dist/tex/generic/pdfescape/pdfescape.sty
Package: pdfescape 2019/12/09 v1.15 Implements pdfTeX's escape features (HO)

(c:/texlive/2023/texmf-dist/tex/generic/pdftexcmds/pdftexcmds.sty
Package: pdftexcmds 2020-06-27 v0.33 Utility functions of pdfTeX for LuaTeX (HO
)

(c:/texlive/2023/texmf-dist/tex/generic/infwarerr/infwarerr.sty
Package: infwarerr 2019/12/03 v1.5 Providing info/warning/error messages (HO)
)
Package pdftexcmds Info: \pdf@primitive is available.
Package pdftexcmds Info: \pdf@ifprimitive is available.
Package pdftexcmds Info: \pdfdraftmode found.
))
(c:/texlive/2023/texmf-dist/tex/latex/hycolor/hycolor.sty
Package: hycolor 2020-01-27 v1.10 Color options for hyperref/bookmark (HO)
)
(c:/texlive/2023/texmf-dist/tex/latex/auxhook/auxhook.sty
Package: auxhook 2019-12-17 v1.6 Hooks for auxiliary files (HO)
)
(c:/texlive/2023/texmf-dist/tex/latex/hyperref/nameref.sty
Package: nameref 2023-11-26 v2.56 Cross-referencing by name of section

(c:/texlive/2023/texmf-dist/tex/latex/refcount/refcount.sty
Package: refcount 2019/12/15 v3.6 Data extraction from label references (HO)
)
(c:/texlive/2023/texmf-dist/tex/generic/gettitlestring/gettitlestring.sty
Package: gettitlestring 2019/12/15 v1.6 Cleanup title references (HO)

(c:/texlive/2023/texmf-dist/tex/latex/kvoptions/kvoptions.sty
Package: kvoptions 2022-06-15 v3.15 Key value format for package options (HO)
))
\c@section@level=\count295
)
\@linkdim=\dimen178
\Hy@linkcounter=\count296
\Hy@pagecounter=\count297

(c:/texlive/2023/texmf-dist/tex/latex/hyperref/pd1enc.def
File: pd1enc.def 2024-01-20 v7.01h Hyperref: PDFDocEncoding definition (HO)
Now handling font encoding PD1 ...
... no UTF-8 mapping file for font encoding PD1
)
(c:/texlive/2023/texmf-dist/tex/generic/intcalc/intcalc.sty
Package: intcalc 2019/12/15 v1.3 Expandable calculations with integers (HO)
)
\Hy@SavedSpaceFactor=\count298

(c:/texlive/2023/texmf-dist/tex/latex/hyperref/puenc.def
File: puenc.def 2024-01-20 v7.01h Hyperref: PDF Unicode definition (HO)
Now handling font encoding PU ...
... no UTF-8 mapping file for font encoding PU
)
Package hyperref Info: Option `draft' set `true' on input line 4062.
Package hyperref Info: Option `pdfpagelabels' set `true' on input line 4062.
Package hyperref Info: Hyper figures OFF on input line 4179.
Package hyperref Info: Link nesting OFF on input line 4184.
Package hyperref Info: Hyper index ON on input line 4187.
Package hyperref Info: Plain pages OFF on input line 4194.
Package hyperref Info: Backreferencing OFF on input line 4199.
Package hyperref Info: Implicit mode ON; LaTeX internals redefined.
Package hyperref Info: Bookmarks ON on input line 4446.
\c@Hy@tempcnt=\count299

(c:/texlive/2023/texmf-dist/tex/latex/url/url.sty
\Urlmuskip=\muskip16
Package: url 2013/09/16  ver 3.4  Verb mode for urls, etc.
)
LaTeX Info: Redefining \url on input line 4784.
\XeTeXLinkMargin=\dimen179

(c:/texlive/2023/texmf-dist/tex/generic/bitset/bitset.sty
Package: bitset 2019/12/09 v1.3 Handle bit-vector datatype (HO)

(c:/texlive/2023/texmf-dist/tex/generic/bigintcalc/bigintcalc.sty
Package: bigintcalc 2019/12/15 v1.5 Expandable calculations on big integers (HO
)
))
\Fld@menulength=\count300
\Field@Width=\dimen180
\Fld@charsize=\dimen181
Package hyperref Info: Hyper figures OFF on input line 6063.
Package hyperref Info: Link nesting OFF on input line 6068.
Package hyperref Info: Hyper index ON on input line 6071.
Package hyperref Info: backreferencing OFF on input line 6078.
Package hyperref Info: Link coloring OFF on input line 6083.
Package hyperref Info: Link coloring with OCG OFF on input line 6088.
Package hyperref Info: PDF/A mode OFF on input line 6093.

(c:/texlive/2023/texmf-dist/tex/latex/base/atbegshi-ltx.sty
Package: atbegshi-ltx 2021/01/10 v1.0c Emulation of the original atbegshi
package with kernel methods
)
\Hy@abspage=\count301
\c@Item=\count302
\c@Hfootnote=\count303
)
Package hyperref Info: Driver (autodetected): hpdftex.

(c:/texlive/2023/texmf-dist/tex/latex/hyperref/hpdftex.def
File: hpdftex.def 2024-01-20 v7.01h Hyperref driver for pdfTeX

(c:/texlive/2023/texmf-dist/tex/latex/base/atveryend-ltx.sty
Package: atveryend-ltx 2020/08/19 v1.0a Emulation of the original atveryend pac
kage
with kernel methods
)
\Fld@listcount=\count304
\c@bookmark@seq@number=\count305

(c:/texlive/2023/texmf-dist/tex/latex/rerunfilecheck/rerunfilecheck.sty
Package: rerunfilecheck 2022-07-10 v1.10 Rerun checks for auxiliary files (HO)

(c:/texlive/2023/texmf-dist/tex/generic/uniquecounter/uniquecounter.sty
Package: uniquecounter 2019/12/15 v1.4 Provide unlimited unique counter (HO)
)
Package uniquecounter Info: New unique counter `rerunfilecheck' on input line 2
85.
)
\Hy@SectionHShift=\skip67
)
(c:/texlive/2023/texmf-dist/tex/latex/graphics/lscape.sty
Package: lscape 2020/05/28 v3.02 Landscape Pages (DPC)
)
Package hyperref Info: Option `colorlinks' set `true' on input line 36.
Package csquotes Info: Checking for multilingual support...
Package csquotes Info: ... found 'babel' package.
Package csquotes Info: Adjusting default style.
Package csquotes Info: Redefining alias 'default' -> 'english'.

(./MMX_Compendium.aux)
\openout1 = `MMX_Compendium.aux'.

LaTeX Font Info:    Checking defaults for OML/cmm/m/it on input line 49.
LaTeX Font Info:    ... okay on input line 49.
LaTeX Font Info:    Checking defaults for OMS/cmsy/m/n on input line 49.
LaTeX Font Info:    ... okay on input line 49.
LaTeX Font Info:    Checking defaults for OT1/cmr/m/n on input line 49.
LaTeX Font Info:    ... okay on input line 49.
LaTeX Font Info:    Checking defaults for T1/cmr/m/n on input line 49.
LaTeX Font Info:    ... okay on input line 49.
LaTeX Font Info:    Checking defaults for TS1/cmr/m/n on input line 49.
LaTeX Font Info:    ... okay on input line 49.
LaTeX Font Info:    Checking defaults for OMX/cmex/m/n on input line 49.
LaTeX Font Info:    ... okay on input line 49.
LaTeX Font Info:    Checking defaults for U/cmr/m/n on input line 49.
LaTeX Font Info:    ... okay on input line 49.
LaTeX Font Info:    Checking defaults for PD1/pdf/m/n on input line 49.
LaTeX Font Info:    ... okay on input line 49.
LaTeX Font Info:    Checking defaults for PU/pdf/m/n on input line 49.
LaTeX Font Info:    ... okay on input line 49.

(c:/texlive/2023/texmf-dist/tex/context/base/mkii/supp-pdf.mkii
[Loading MPS to PDF converter (version 2006.09.02).]
\scratchcounter=\count306
\scratchdimen=\dimen182
\scratchbox=\box60
\nofMPsegments=\count307
\nofMParguments=\count308
\everyMPshowfont=\toks27
\MPscratchCnt=\count309
\MPscratchDim=\dimen183
\MPnumerator=\count310
\makeMPintoPDFobject=\count311
\everyMPtoPDFconversion=\toks28
) (c:/texlive/2023/texmf-dist/tex/latex/epstopdf-pkg/epstopdf-base.sty
Package: epstopdf-base 2020-01-24 v2.11 Base part for package epstopdf
Package epstopdf-base Info: Redefining graphics rule for `.eps' on input line 4
85.

(c:/texlive/2023/texmf-dist/tex/latex/latexconfig/epstopdf-sys.cfg
File: epstopdf-sys.cfg 2010/07/13 v1.3 Configuration of (r)epstopdf for TeX Liv
e
))
Package caption Info: Begin \AtBeginDocument code.
Package caption Info: hyperref package is loaded.
Package caption Info: longtable package is loaded.

(c:/texlive/2023/texmf-dist/tex/latex/caption/ltcaption.sty
Package: ltcaption 2021/01/08 v1.4c longtable captions (AR)
)
Package caption Info: End \AtBeginDocument code.


Package hyperref Warning: Draft mode on.

Package hyperref Info: Link coloring ON on input line 49.
LaTeX Font Info:    External font `cmex10' loaded for size
(Font)              <12> on input line 53.
LaTeX Font Info:    External font `cmex10' loaded for size
(Font)              <8> on input line 53.
LaTeX Font Info:    External font `cmex10' loaded for size
(Font)              <6> on input line 53.

LaTeX Warning: No \author given.

[1

{c:/texlive/2023/texmf-var/fonts/map/pdftex/updmap/pdftex.map}{c:/texlive/2023/
texmf-dist/fonts/enc/dvips/cm-super/cm-super-t1.enc}] (./MMX_Compendium.toc
LaTeX Font Info:    External font `cmex10' loaded for size
(Font)              <7> on input line 6.
LaTeX Font Info:    External font `cmex10' loaded for size
(Font)              <5> on input line 6.
<figures/X3/weapons/A_burst.jpg, id=8, 50.1875pt x 43.16125pt>
LaTeX Font Info:    Trying to load font information for T1+cmtt on input line 1
2.

(c:/texlive/2023/texmf-dist/tex/latex/base/t1cmtt.fd
File: t1cmtt.fd 2023/04/13 v2.5m Standard LaTeX font definitions
)
<figures/X3/weapons/P_bomb.jpg, id=9, 50.1875pt x 43.16125pt>
<figures/X3/weapons/T_thunder.jpg, id=10, 50.1875pt x 43.16125pt>
<figures/X3/weapons/S_blade.jpg, id=11, 50.1875pt x 43.16125pt>
<figures/X3/weapons/R_splasher.jpg, id=12, 50.1875pt x 43.16125pt>
<figures/X3/weapons/G_well.jpg, id=13, 50.1875pt x 43.16125pt>
<figures/X3/weapons/F_shield.jpg, id=14, 50.1875pt x 43.16125pt>
<figures/X3/weapons/T_fang.jpg, id=15, 50.1875pt x 43.16125pt>
 [1

] [2])
\tf@toc=\write3
\openout3 = `MMX_Compendium.toc'.

 [3] [4{c:/texlive/2023/texmf-dist/fonts/enc/dvips/cm-super/cm-super-ts1.enc}] 
[5

] [6

] [7

]
(./src/x3.tex
Chapter 1.
<figures/X3/Mmx3_box.jpg, id=47, 369.38pt x 271.0125pt>
<figures/X3/X3_ps.jpg, id=48, 231.264pt x 231.264pt>
<figures/X3/Story_1.jpg, id=49, 804.00375pt x 346.29375pt>
[8

]
<figures/X3/Story_2.jpg, id=54, 784.9325pt x 534.99875pt>
 [9]
<figures/X3/Story_3.jpg, id=58, 794.97pt x 423.5825pt>
<figures/X3/Story_32.jpg, id=59, 798.985pt x 423.5825pt>
<figures/X3/X.png, id=60, 596.2275pt x 843.15pt>
 [10]

LaTeX Warning: Reference `char:X' on page 11 undefined on input line 50.

<figures/X3/Zero.png, id=64, 720.6925pt x 1033.8625pt>

LaTeX Warning: Reference `char:Zero' on page 11 undefined on input line 60.

[11]
LaTeX Font Info:    Font shape `T1/cmtt/bx/n' in size <12> not available
(Font)              Font shape `T1/cmtt/m/n' tried instead on input line 74.
 [12]
<figures/X3/weapons/A_burst.png, id=72, 250.9375pt x 180.675pt>
<figures/X3/weapons/A_burst_up.png, id=74, 250.9375pt x 180.675pt>
<figures/X3/weapons/A_burst_Down.png, id=75, 250.9375pt x 180.675pt>
<figures/X3/weapons/A_burst_charge.png, id=76, 320.19624pt x 180.675pt>
<figures/X3/weapons/A_burst_water.png, id=77, 250.9375pt x 180.675pt>
 [13]
<figures/X3/weapons/P_bomb.png, id=82, 478.78876pt x 240.9pt>
<figures/X3/weapons/P_bomb_C.jpg, id=83, 478.78876pt x 240.9pt>
 [14]
<figures/X3/weapons/T_thunder.png, id=88, 401.5pt x 401.5pt>
<figures/X3/weapons/T_thunder_3.png, id=89, 401.5pt x 401.5pt>
<figures/X3/weapons/T_thunder_2.png, id=90, 401.5pt x 384.43625pt>
<figures/X3/weapons/T_thunder_C.png, id=91, 602.25pt x 258.9675pt>
 [15]
<figures/X3/weapons/S_blade.png, id=95, 501.875pt x 313.17pt>
<figures/X3/weapons/S_blade_1.png, id=96, 501.875pt x 351.3125pt>
<figures/X3/weapons/S_blade_C.png, id=97, 501.875pt x 351.3125pt>
<figures/X3/weapons/S_blade_C1.png, id=98, 501.875pt x 351.3125pt>
<figures/X3/weapons/R_splasher.png, id=99, 357.335pt x 301.125pt>
<figures/X3/weapons/R_splasher_C.png, id=100, 150.5625pt x 301.125pt>
<figures/X3/weapons/G_well.png, id=101, 401.5pt x 342.27875pt>
<figures/X3/weapons/G_well_C.png, id=102, 250.9375pt x 401.5pt>
<figures/X3/weapons/G_well_C_1.png, id=103, 552.0625pt x 401.5pt>
 [16] [17]
<figures/X3/weapons/F_shield.png, id=110, 351.3125pt x 250.9375pt>
<figures/X3/weapons/F_shield_1.jpg, id=111, 351.3125pt x 250.9375pt>
<figures/X3/weapons/F_shield_C.png, id=112, 351.3125pt x 250.9375pt>
<figures/X3/weapons/F_shield_2.png, id=113, 351.3125pt x 250.9375pt>
<figures/X3/weapons/F_shield_3.png, id=114, 351.3125pt x 250.9375pt>
<figures/X3/weapons/F_shield_C_1.png, id=115, 351.3125pt x 250.9375pt>
<figures/X3/weapons/F_shield_C_2.png, id=116, 351.3125pt x 250.9375pt>
<figures/X3/weapons/F_shield_C_3.png, id=117, 351.3125pt x 250.9375pt>
 [18]
<figures/X3/weapons/T_fang.png, id=122, 301.125pt x 200.75pt>
<figures/X3/weapons/T_fang_1.png, id=123, 301.125pt x 200.75pt>
<figures/X3/weapons/T_fang_C.png, id=124, 301.125pt x 200.75pt>
<figures/X3/weapons/T_fang_C_1.png, id=125, 301.125pt x 200.75pt>
 [19]
<figures/X3/weapons/Armor_shield.png, id=129, 229.85875pt x 205.76875pt>
<figures/X3/weapons/Combo_shot.png, id=130, 383.4325pt x 283.0575pt>
 [20]
<figures/X3/Blast_hornet/map.png, id=134, 773.89125pt x 450.68375pt>
<figures/X3/weapons/orange_shield.png, id=135, 205.76875pt x 208.78pt>
<figures/X3/weapons/Hyper_shot.png, id=136, 490.83376pt x 501.875pt>
 [21] [22]
<figures/X3/weapons/Z_saber_1.png, id=143, 451.6875pt x 230.8625pt>
<figures/X3/weapons/Z_saber_2.png, id=144, 451.6875pt x 230.8625pt>
<figures/X3/weapons/Zero_screen.png, id=145, 750.805pt x 558.085pt>
 [23]
<figures/X3/weapons/zero_shot_1.png, id=149, 622.325pt x 220.825pt>
<figures/X3/weapons/zero_shot_2.png, id=150, 622.325pt x 220.825pt>
<figures/X3/weapons/zero_shot_3.png, id=151, 622.325pt x 220.825pt>
<figures/X3/weapons/zero_shot_4.png, id=152, 622.325pt x 220.825pt>
<figures/X3/weapons/zero_shot_5.png, id=153, 622.325pt x 220.825pt>
 [24] [25]
Chapter 2.
<figures/X3/maohthegiant.png, id=161, 633.86812pt x 797.98125pt>
<figures/X3/Maoh_the_Giant.png, id=162, 1003.75pt x 666.49pt>
<figures/X3/Diagonal_Ball.jpg, id=163, 611.28375pt x 465.74pt>
<figures/X3/Vertiacal_Ball.jpg, id=164, 611.28375pt x 465.74pt>
[26

]
<figures/X3/Map.png, id=168, 798.985pt x 601.24625pt>
 [27] [28]
<figures/X3/Blast_hornet/map_.png, id=175, 759.83875pt x 181.67876pt>
<figures/X3/Blast_hornet/Armor_1.png, id=176, 782.925pt x 552.0625pt>
<figures/X3/Blast_hornet/Armor_2.png, id=177, 782.925pt x 552.0625pt>
 [29]
<figures/X3/Blast_hornet/Ride_2.jpg, id=181, 565.11125pt x 499.8675pt>
<figures/X3/Blast_hornet/Ride_3.jpg, id=182, 787.94376pt x 472.76625pt>
<figures/X3/Blast_hornet/Heart_1.jpg, id=183, 730.73pt x 506.89375pt>
<figures/X3/Blast_hornet/Heart_2.jpg, id=184, 797.98125pt x 234.8775pt>
 [30]
<figures/X3/Blast_hornet/blasthornet.png, id=189, 652.68843pt x 791.20593pt>
<figures/X3/Blast_hornet/Hornet_bees.jpg, id=190, 539.01375pt x 284.06125pt>
<figures/X3/Blast_hornet/Hornet_bees_2.jpg, id=191, 185.69376pt x 205.76875pt>
<figures/X3/Blast_hornet/Hornet_dive.jpg, id=192, 350.30875pt x 411.5375pt>
<figures/X3/Blast_hornet/Hornet_aim.jpg, id=193, 348.30125pt x 430.60875pt>
<figures/X3/Blast_hornet/Hornet_gravity.jpg, id=194, 364.36125pt x 282.05376pt>

 [31]
<figures/X3/Blizzard_buffalo/Stage_1.jpg, id=199, 800.9925pt x 598.235pt>
<figures/X3/Blizzard_buffalo/Stage_2.jpg, id=200, 799.98875pt x 599.23875pt>
<figures/X3/Blizzard_buffalo/Stage_11.jpg, id=201, 799.98875pt x 596.2275pt>
<figures/X3/Blizzard_buffalo/Stage_12.jpg, id=202, 799.98875pt x 596.2275pt>
 [32] [33]
<figures/X3/Blizzard_buffalo/Map.jpg, id=209, 607.26875pt x 135.50626pt>
<figures/X3/Blizzard_buffalo/Heart_1.jpg, id=210, 338.26375pt x 422.57875pt>
<figures/X3/Blizzard_buffalo/Heart_2.jpg, id=211, 760.8425pt x 463.7325pt>
<figures/X3/Blizzard_buffalo/Tank.jpg, id=212, 375.4025pt x 585.18625pt>
 [34]
<figures/X3/Blizzard_buffalo/Armor_1.png, id=216, 752.8125pt x 301.125pt>
<figures/X3/Blizzard_buffalo/Armor_3.jpg, id=217, 783.92876pt x 403.5075pt>
<figures/X3/Blizzard_buffalo/blizzardbuffalo.png, id=218, 670.00313pt x 895.094
06pt>
<figures/X3/Blizzard_buffalo/Buffalo_charge.jpg, id=219, 625.33624pt x 220.825p
t>
<figures/X3/Blizzard_buffalo/Buffalo_charge_2.jpg, id=220, 569.12625pt x 228.85
5pt>
<figures/X3/Blizzard_buffalo/Buffalo_shield.jpg, id=221, 604.2575pt x 291.0875p
t>
<figures/X3/Blizzard_buffalo/Buffalo_beam.jpg, id=222, 673.51625pt x 243.91125p
t>
 [35] [36] [37]
<figures/X3/Gravity_beetle/Stage_2.jpg, id=233, 797.98125pt x 598.235pt>
<figures/X3/Gravity_beetle/Stage_1.jpg, id=234, 797.98125pt x 598.235pt>
<figures/X3/Gravity_beetle/Map.jpg, id=235, 659.46375pt x 289.08pt>
<figures/X3/Gravity_beetle/Heart_1.jpg, id=236, 798.985pt x 599.23875pt>
<figures/X3/Gravity_beetle/Heart_2.jpg, id=237, 800.9925pt x 598.235pt>
<figures/X3/Gravity_beetle/Frog.jpg, id=238, 799.98875pt x 595.22375pt>
<figures/X3/Gravity_beetle/Armor_1.png, id=239, 792.9625pt x 555.07375pt>
<figures/X3/Gravity_beetle/Armor_2.png, id=240, 792.9625pt x 562.1pt>
 [38] [39]
<figures/X3/Gravity_beetle/gravitybeetle.png, id=247, 1003.75pt x 835.12pt>


LaTeX Warning: Reference `boss:Boomer_kuwanger' on page 40 undefined on input l
ine 801.

[40]
<figures/X3/Gravity_beetle/Beetle_shot.jpg, id=251, 501.875pt x 250.9375pt>
<figures/X3/Gravity_beetle/Beetle_shot_2.jpg, id=252, 301.125pt x 501.875pt>
<figures/X3/Gravity_beetle/Beetle_charge.jpg, id=253, 501.875pt x 250.9375pt>
<figures/X3/Gravity_beetle/Beetle_charge_2.jpg, id=254, 340.27126pt x 462.72874
pt>
<figures/X3/Gravity_beetle/Beetle_hole_1.jpg, id=255, 301.125pt x 501.875pt>
<figures/X3/Gravity_beetle/Beetle_hole_2.jpg, id=256, 451.6875pt x 501.875pt>
 [41] [42]
<figures/X3/Toxic_seahorse/Map.jpg, id=264, 610.28pt x 180.675pt>
<figures/X3/Toxic_seahorse/hear_1.jpg, id=265, 634.37pt x 599.23875pt>
<figures/X3/Toxic_seahorse/hear_2.jpg, id=266, 599.23875pt x 476.78125pt>
<figures/X3/Toxic_seahorse/underwater.jpg, id=267, 205.76875pt x 600.2425pt>
<figures/X3/Toxic_seahorse/kanga.jpg, id=268, 558.085pt x 586.19pt>
<figures/X3/Toxic_seahorse/Armor_1.png, id=269, 672.5125pt x 441.65pt>
<figures/X3/Toxic_seahorse/Armor_2.png, id=270, 672.5125pt x 441.65pt>
<figures/X3/Toxic_seahorse/toxicseahorse.png, id=271, 718.93594pt x 721.19438pt
>
<figures/X3/Toxic_seahorse/XToxic_Seahorse.png, id=272, 1003.75pt x 1259.70625p
t>
 [43] [44]
<figures/X3/Toxic_seahorse/Seahorse_acid.jpg, id=279, 323.2075pt x 255.95625pt>

<figures/X3/Toxic_seahorse/Seahorse_blend.jpg, id=280, 278.03876pt x 215.80624p
t>
<figures/X3/Toxic_seahorse/Seahorse_double.jpg, id=281, 479.7925pt x 216.81pt>
 [45]
<figures/X3/Volt_catfish/map.jpg, id=285, 335.2525pt x 224.84pt>
 [46]
<figures/X3/Volt_catfish/heart_1.jpg, id=289, 727.71875pt x 517.935pt>
<figures/X3/Volt_catfish/heart_2.jpg, id=290, 667.49374pt x 469.755pt>
<figures/X3/Volt_catfish/Armor_1.png, id=291, 792.9625pt x 501.875pt>
<figures/X3/Volt_catfish/Armor_2.png, id=292, 792.9625pt x 501.875pt>
<figures/X3/Volt_catfish/tank_1.jpg, id=293, 522.95375pt x 553.06625pt>
<figures/X3/Volt_catfish/tank_2.jpg, id=294, 718.685pt x 501.875pt>
 [47]
<figures/X3/Volt_catfish/voltcatfish.png, id=298, 720.44156pt x 704.6325pt>
 [48]
<figures/X3/Volt_catfish/catfish_flop.jpg, id=303, 346.29375pt x 250.9375pt>
<figures/X3/Volt_catfish/catfish_bullet.jpg, id=304, 381.425pt x 250.9375pt>
<figures/X3/Volt_catfish/catfish_mine_1.jpg, id=305, 301.125pt x 250.9375pt>
<figures/X3/Volt_catfish/catfish_mine_2.jpg, id=306, 301.125pt x 250.9375pt>
<figures/X3/Volt_catfish/catfish_mine_3.jpg, id=307, 250.9375pt x 250.9375pt>
<figures/X3/Volt_catfish/catfish_dm_1.jpg, id=308, 401.5pt x 401.5pt>
<figures/X3/Volt_catfish/catfish_dm_2.jpg, id=309, 401.5pt x 373.395pt>
 [49] [50]
<figures/X3/Crush_crawfish/map.jpg, id=317, 581.17125pt x 202.7575pt>
<figures/X3/Crush_crawfish/hawk_1.jpg, id=318, 326.21875pt x 379.4175pt>
<figures/X3/Crush_crawfish/hawk_2.jpg, id=319, 528.97626pt x 489.83pt>
 [51]
<figures/X3/Crush_crawfish/heart_1.jpg, id=323, 702.625pt x 301.125pt>
<figures/X3/Crush_crawfish/heart_2.jpg, id=324, 702.625pt x 301.125pt>
<figures/X3/Crush_crawfish/heart_3.jpg, id=325, 611.28375pt x 301.125pt>
<figures/X3/Crush_crawfish/Armor_1.png, id=326, 632.3625pt x 542.025pt>
<figures/X3/Crush_crawfish/Armor_2.png, id=327, 632.3625pt x 542.025pt>
<figures/X3/Crush_crawfish/crushcrawfish.png, id=328, 1003.75pt x 729.72626pt>
 [52] [53]
<figures/X3/Crush_crawfish/crush_dash.jpg, id=335, 404.51125pt x 291.0875pt>
<figures/X3/Crush_crawfish/crush_dash_1.jpg, id=336, 249.93375pt x 291.0875pt>
<figures/X3/Crush_crawfish/crush_dash_2.jpg, id=337, 424.58624pt x 291.0875pt>
<figures/X3/Crush_crawfish/crush_fire.jpg, id=338, 371.3875pt x 291.0875pt>
<figures/X3/Crush_crawfish/crush_boomerang.jpg, id=339, 407.5225pt x 291.0875pt
>
 [54]
[55]
<figures/X3/Tunnel_rhino/map.jpg, id=347, 583.17876pt x 180.675pt>
<figures/X3/Tunnel_rhino/heart_1.jpg, id=348, 662.475pt x 501.875pt>
<figures/X3/Tunnel_rhino/heart_2.jpg, id=349, 662.475pt x 501.875pt>
<figures/X3/Tunnel_rhino/tank.jpg, id=350, 744.7825pt x 573.14125pt>
 [56]
<figures/X3/Tunnel_rhino/Armor_1.png, id=354, 772.8875pt x 531.9875pt>
<figures/X3/Tunnel_rhino/Armor_2.png, id=355, 772.8875pt x 531.9875pt>
<figures/X3/Tunnel_rhino/tunnelrhino.png, id=356, 1003.75pt x 925.4575pt>
 [57]
<figures/X3/Tunnel_rhino/rhyno_dash.jpg, id=360, 552.0625pt x 230.8625pt>
<figures/X3/Tunnel_rhino/rhyno_dm.jpg, id=361, 552.0625pt x 230.8625pt>
<figures/X3/Tunnel_rhino/rhyno_tri.jpg, id=362, 401.5pt x 230.8625pt>
<figures/X3/Tunnel_rhino/rhyno_fang.jpg, id=363, 401.5pt x 230.8625pt>
 [58] [59] [60]
<figures/X3/Neon_tiger/map.jpg, id=374, 732.7375pt x 112.42pt>
<figures/X3/Neon_tiger/tank_1.jpg, id=375, 572.1375pt x 421.575pt>
<figures/X3/Neon_tiger/tank_2.jpg, id=376, 572.1375pt x 421.575pt>
<figures/X3/Neon_tiger/Armor_1.png, id=377, 400.49625pt x 254.9525pt>
<figures/X3/Neon_tiger/Armor_2.png, id=378, 602.25pt x 401.5pt>
<figures/X3/Neon_tiger/Armor_3.png, id=379, 602.25pt x 401.5pt>
 [61]
<figures/X3/Neon_tiger/heart.jpg, id=383, 492.84125pt x 591.20876pt>
<figures/X3/Neon_tiger/neontiger.png, id=384, 1003.75pt x 935.495pt>
 [62]
<figures/X3/Neon_tiger/tiger_ray.jpg, id=388, 431.6125pt x 301.125pt>
<figures/X3/Neon_tiger/tiger_ray_wall.jpg, id=389, 284.06125pt x 301.125pt>
<figures/X3/Neon_tiger/tiger_claw.jpg, id=390, 431.6125pt x 301.125pt>
<figures/X3/Neon_tiger/tiger_dm.jpg, id=391, 431.6125pt x 301.125pt>
<figures/X3/Neon_tiger/tiger_guard.jpg, id=392, 431.6125pt x 301.125pt>
 [63] [64] [65]
<figures/X3/Crush_crawfish/vile_1.jpg, id=405, 668.4975pt x 577.15625pt>
<figures/X3/Crush_crawfish/vile_11.jpg, id=406, 580.1675pt x 504.88625pt>
<figures/X3/Crush_crawfish/vile_2.jpg, id=407, 525.965pt x 537.00626pt>
<figures/X3/Volt_catfish/vile_1.jpg, id=408, 630.355pt x 486.81876pt>
<figures/X3/Volt_catfish/vile_2.jpg, id=409, 699.61375pt x 342.27875pt>
<figures/X3/Blizzard_buffalo/Vile_1.jpg, id=410, 465.74pt x 588.1975pt>
<figures/X3/Blizzard_buffalo/Vile_2.jpg, id=411, 493.845pt x 526.96875pt>
 [66]
<figures/X3/Doppler_stages/drex_kill.jpg, id=416, 718.685pt x 309.155pt>
 [67]
<figures/X3/Doppler_stages/Hyper_chip_1.png, id=421, 462.72874pt x 588.1975pt>
<figures/X3/Doppler_stages/Hyper_chip.png, id=422, 789.95125pt x 545.03625pt>
<figures/X3/Enemies/bit.png, id=423, 512.66531pt x 721.19438pt>
<figures/X3/Enemies/bit_saber.jpg, id=424, 301.125pt x 200.75pt>
<figures/X3/Enemies/bit_ring.jpg, id=425, 301.125pt x 200.75pt>
<figures/X3/Enemies/bit_shot.jpg, id=426, 301.125pt x 200.75pt>
 [68] [69]
<figures/X3/Enemies/byte.png, id=433, 599.99156pt x 721.19438pt>

[70]
<figures/X3/Enemies/byte_manget.jpg, id=437, 351.3125pt x 351.3125pt>
<figures/X3/Enemies/byte_combo_1.jpg, id=438, 351.3125pt x 351.3125pt>
<figures/X3/Enemies/byte_combo_2.jpg, id=439, 351.3125pt x 461.725pt>
<figures/X3/Enemies/byte_combo_3.jpg, id=440, 351.3125pt x 351.3125pt>
 [71]
<figures/X3/Doppler_stages/Godkarmachine.png, id=444, 1003.75pt x 1069.9975pt>
<figures/X3/Doppler_stages/Godkarmachine_dive.png, id=445, 1003.75pt x 1079.031
25pt>
 [72]
<figures/X3/Doppler_stages/gkarma_punch_1.jpg, id=450, 592.2125pt x 501.875pt>
<figures/X3/Doppler_stages/gkarma_punch_2.jpg, id=451, 592.2125pt x 501.875pt>
<figures/X3/Doppler_stages/gkarma_saber.jpg, id=452, 513.92pt x 301.125pt>
<figures/X3/Doppler_stages/gkarma_sphere.jpg, id=453, 513.92pt x 301.125pt>
<figures/X3/Doppler_stages/gkarma_crush.jpg, id=454, 384.43625pt x 394.47375pt>

 [73] [74]
<figures/X3/Doppler_stages/pressdisposer.png, id=461, 1003.75pt x 827.09pt>
<figures/X3/Doppler_stages/press_scrap_1.jpg, id=462, 170.6375pt x 441.65pt>
<figures/X3/Doppler_stages/press_scrap_2.jpg, id=463, 170.6375pt x 441.65pt>
<figures/X3/Doppler_stages/press_acid.jpg, id=464, 572.1375pt x 331.2375pt>
<figures/X3/Doppler_stages/press_arm.jpg, id=465, 572.1375pt x 331.2375pt>
<figures/X3/Doppler_stages/press_flood.jpg, id=466, 336.25626pt x 291.0875pt>
 [75] [76]
<figures/X3/Doppler_stages/dopp_B_1.jpg, id=473, 803.0pt x 602.25pt>
<figures/X3/Doppler_stages/dopp_B_2.jpg, id=474, 803.0pt x 602.25pt>
 [77] [78]
<figures/X3/Doppler_stages/vile2.png, id=482, 880.28876pt x 1319.93124pt>
<figures/X3/Doppler_stages/vile2_dive.png, id=483, 1003.75pt x 914.41624pt>


LaTeX Warning: Reference `boss:Vile' on page 79 undefined on input line 1753.

<figures/X3/Doppler_stages/vile_armor_punch.jpg, id=484, 361.35pt x 250.9375pt>

<figures/X3/Doppler_stages/vile_bb_punch.jpg, id=485, 361.35pt x 250.9375pt>
<figures/X3/Doppler_stages/vile_bb_shot.jpg, id=486, 271.0125pt x 321.2pt>
<figures/X3/Doppler_stages/vile_bb_trap_1.jpg, id=487, 271.0125pt x 321.2pt>
<figures/X3/Doppler_stages/vile_bb_trap_2.jpg, id=488, 373.395pt x 321.2pt>
[79] [80]
<figures/X3/Doppler_stages/vile_bomb_1.jpg, id=495, 240.9pt x 291.0875pt>
<figures/X3/Doppler_stages/vile_bomb_2.jpg, id=496, 226.8475pt x 220.825pt>
<figures/X3/Doppler_stages/vile_gatling.jpg, id=497, 331.2375pt x 220.825pt>
<figures/X3/Doppler_stages/vile_par_1.jpg, id=498, 240.9pt x 291.0875pt>
<figures/X3/Doppler_stages/vile_par_11.jpg, id=499, 240.9pt x 291.0875pt>
<figures/X3/Doppler_stages/vile_par_2.jpg, id=500, 202.7575pt x 220.825pt>
<figures/X3/Doppler_stages/vile_dash_1.jpg, id=501, 331.2375pt x 220.825pt>
<figures/X3/Doppler_stages/vile_dash_2.jpg, id=502, 331.2375pt x 220.825pt>
 [81]
<figures/X3/Doppler_stages/Volt_Kurageil.png, id=506, 1003.75pt x 703.62875pt>
<figures/X3/Doppler_stages/kurageil_missile.jpg, id=507, 439.6425pt x 463.7325p
t>
<figures/X3/Doppler_stages/kurageil_plasma.jpg, id=508, 411.5375pt x 421.575pt>

<figures/X3/Doppler_stages/kurageil_claw.jpg, id=509, 547.04375pt x 306.14375pt
>
 [82] [83]
<figures/X3/Doppler_stages/rematch.png, id=516, 768.8725pt x 483.8075pt>
 [84]
<figures/X3/Doppler_stages/drdoppler.png, id=521, 587.19376pt x 843.15pt>
<figures/X3/Doppler_stages/doppler_spark.jpg, id=522, 240.9pt x 240.9pt>
<figures/X3/Doppler_stages/doppler_dash.jpg, id=523, 262.9825pt x 240.9pt>
<figures/X3/Doppler_stages/doppler_barrier.jpg, id=524, 240.9pt x 240.9pt>
 [85] [86]
<figures/X3/Doppler_stages/Sigma.png, id=531, 1003.75pt x 1066.98625pt>
 [87]
<figures/X3/Doppler_stages/sigma_fball.jpg, id=535, 632.3625pt x 250.9375pt>
<figures/X3/Doppler_stages/sigma_fball_1.jpg, id=536, 407.5225pt x 431.6125pt>
<figures/X3/Doppler_stages/sigma_fball_2.jpg, id=537, 361.35pt x 431.6125pt>
<figures/X3/Doppler_stages/sigma_shield.jpg, id=538, 313.17pt x 250.9375pt>
<figures/X3/Doppler_stages/sigma_shield_2.jpg, id=539, 411.5375pt x 521.95pt>
<figures/X3/Doppler_stages/KaiserSigma.png, id=540, 1003.75pt x 1382.16376pt>
 [88] [89]
<figures/X3/Doppler_stages/kaiser_mine.jpg, id=547, 379.4175pt x 451.6875pt>
<figures/X3/Doppler_stages/kaiser_missile_1.jpg, id=548, 418.56375pt x 451.6875
pt>
<figures/X3/Doppler_stages/kaiser_missile_2.jpg, id=549, 336.25626pt x 451.6875
pt>
<figures/X3/Doppler_stages/kaiser_beam_1.jpg, id=550, 582.175pt x 511.9125pt>
<figures/X3/Doppler_stages/kaiser_beam_2.jpg, id=551, 582.175pt x 511.9125pt>
 [90] [91]
<figures/X3/Doppler_stages/kaiser_hitbox.jpg, id=559, 310.15875pt x 280.04625pt
>
 [92] [93])
[94] [95] [96

]
LaTeX Font Info:    Trying to load font information for U+fontawesomefree1 on i
nput line 112.

(c:/texlive/2023/texmf-dist/tex/latex/fontawesome5/ufontawesomefree1.fd)
LaTeX Font Info:    External font `cmex10' loaded for size
(Font)              <9> on input line 112.

[97

{c:/texlive/2023/texmf-dist/fonts/enc/dvips/fontawesome5/fa5free1.enc}]
[98]
Appendix A.
(./src/vehicles.tex
<figures/X1/Storm_eagle/DeathRogumer.jpg, id=586, 752.8125pt x 450.18187pt>
<figures/X1/Enemies/ArmorSoldier.jpg, id=587, 551.05875pt x 625.58719pt>
<figures/X2/Enemies/Ride_armor_RABBIT.png, id=588, 887.315pt x 1016.79875pt>
 [99

]
<figures/X3/weapons/Chimera.png, id=593, 523.20468pt x 632.3625pt>
<figures/X3/weapons/Frog.png, id=594, 597.73312pt x 632.3625pt>
<figures/X3/weapons/Kangaroo.png, id=595, 679.03688pt x 632.3625pt>
<figures/X3/weapons/Hawk.png, id=596, 667.74469pt x 632.3625pt>
 [100]
<figures/X3/Doppler_stages/vile2_armor.png, id=601, 1003.75pt x 1126.2075pt>
<figures/X2/weapons/RCCheval.png, id=602, 1003.75pt x 890.32625pt>
 [101]) [102]
Appendix B.
(./src/enemies.tex
<figures/X1/Enemies/Anglerge.jpg, id=610, 752.8125pt x 584.1825pt>
<figures/X1/Enemies/BeeBlader.jpg, id=611, 752.8125pt x 486.31688pt>
<figures/X1/Enemies/BeeBlader_Dive.png, id=612, 1003.75pt x 732.7375pt>
 [103

]
<figures/X2/Enemies/ChopRegister.png, id=616, 697.60625pt x 840.13875pt>
<figures/X2/Enemies/ChopRegister_Dive.png, id=617, 1204.5pt x 1284.8pt>
 [104]
<figures/X1/Enemies/Cruiziller.jpg, id=621, 752.8125pt x 351.56343pt>
<figures/X3/Enemies/hellcrusher.png, id=622, 728.7225pt x 731.73375pt>
<figures/X3/Enemies/hellcrusher_dive.png, id=623, 1003.75pt x 782.925pt>
<figures/X3/Enemies/hotareeca.png, id=624, 548.0475pt x 632.3625pt>
 [105]
<figures/X3/Enemies/mac.png, id=628, 668.4975pt x 718.18312pt>
<figures/X2/Enemies/MagnaQuartz.png, id=629, 607.26875pt x 842.14626pt>
<figures/X2/Enemies/MagnaQuartz_Dive.png, id=630, 1003.75pt x 1520.68124pt>
 [106]
<figures/X1/Enemies/MoleBorer.jpg, id=634, 508.90125pt x 628.59843pt>
<figures/X1/Enemies/MoleBorer_Dive.png, id=635, 1003.75pt x 1191.45125pt>
<figures/X3/Enemies/mosquitus.png, id=636, 672.26157pt x 632.3625pt>
 [107]
<figures/X2/Enemies/OldRobot.png, id=640, 561.09625pt x 839.135pt>
<figures/X2/Enemies/OldRobot_Dive.png, id=641, 1003.75pt x 1664.2175pt>
<figures/X2/Enemies/PararoidS38.png, id=642, 735.74875pt x 833.1125pt>
 [108]
<figures/X2/Enemies/RaiderKiller.png, id=647, 868.24374pt x 1030.85126pt>
<figures/X2/Enemies/RaiderKiller_Dive.png, id=648, 1003.75pt x 1115.16624pt>
<figures/X3/Enemies/rex2000.png, id=649, 634.62094pt x 632.3625pt>
<figures/X3/Enemies/rex200_dive.png, id=650, 1003.75pt x 923.45pt>
<figures/X1/Enemies/RT-55J.jpg, id=651, 523.20468pt x 768.62157pt>
<figures/X1/Enemies/RT55J_Dive.png, id=652, 1003.75pt x 821.0675pt>
 [109]
<figures/X2/Enemies/SeaCanthller.png, id=656, 1003.75pt x 690.58pt>
<figures/X3/Enemies/shurikein.png, id=657, 1003.75pt x 784.9325pt>
<figures/X3/Enemies/shurikein_dive.png, id=658, 1003.75pt x 1082.0425pt>
 [110]
<figures/X1/Enemies/ThunderSlimer.jpg, id=662, 615.80063pt x 625.58719pt>
<figures/X1/Enemies/Utuboros.jpg, id=663, 499.11469pt x 627.09282pt>
 [111]
<figures/X3/Enemies/wormseekerr.png, id=667, 565.36218pt x 632.3625pt>
<figures/X2/Enemies/sprite_aclanda.png, id=668, 67.25125pt x 60.225pt>
<figures/X1/Enemies/sprite_amenhopper.png, id=669, 24.69225pt x 13.2495pt>
<figures/X1/Enemies/sprite_armor_soldier.png, id=670, 6.9861pt x 10.1178pt>

[112]
<figures/X3/Enemies/Atareeter.png, id=674, 44.165pt x 29.10875pt>
<figures/X1/Enemies/sprite_axemax.png, id=675, 44.5665pt x 30.1125pt>
<figures/X1/Enemies/sprite_balldevoux.png, id=676, 29.10875pt x 53.19875pt>
<figures/X2/Enemies/sprite_barwayings.png, id=677, 36.135pt x 97.36375pt>
<figures/X2/Enemies/sprite_BariteLastar.png, id=678, 26.0975pt x 43.16125pt>
 [113]
<figures/X2/Enemies/sprite_BarrierAttacker.png, id=682, 28.105pt x 38.1425pt>
<figures/X1/Enemies/sprite_battonbone.png, id=683, 24.69225pt x 13.85175pt>
<figures/X1/Enemies/sprite_battonm501.png, id=684, 30.86531pt x 18.0675pt>
<figures/X2/Enemies/sprite_beetron.png, id=685, 88.33pt x 57.21375pt>
<figures/X3/Enemies/bladeysprite.png, id=686, 44.165pt x 44.165pt>
 [114]
<figures/X2/Enemies/sprite_blecker.png, id=691, 34.1275pt x 42.1575pt>
<figures/X1/Enemies/sprite_bombeen.png, id=692, 22.28325pt x 22.8855pt>
<figures/X2/Enemies/sprite_CannonDriver.png, id=693, 57.21375pt x 73.27374pt>
<figures/X3/Enemies/carryarmsprite.png, id=694, 38.1425pt x 61.22874pt>
<figures/X3/Enemies/caterkillersprite.png, id=695, 30.1125pt x 37.13875pt>
 [115]
<figures/X3/Enemies/Crablaster.png, id=699, 48.18pt x 29.10875pt>
<figures/X1/Enemies/sprite_cragman.png, id=700, 22.28325pt x 24.09pt>
<figures/X2/Enemies/sprite_CrashRoader.png, id=701, 41.15375pt x 31.11626pt>
<figures/X1/Enemies/sprite_creeper.png, id=702, 12.64725pt x 9.03375pt>
<figures/X2/Enemies/sprite_CroakHopper.png, id=703, 28.105pt x 33.12375pt>
<figures/X1/Enemies/sprite_crusher.png, id=704, 11.3223pt x 9.1542pt>
 [116]
<figures/X1/Enemies/sprite_diglabour.png, id=708, 20.4765pt x 23.48775pt>
<figures/X2/Enemies/sprite_DiskBoy08.png, id=709, 41.15375pt x 40.15pt>
<figures/X1/Enemies/sprite_dodgeblaster.png, id=710, 15.05624pt x 20.4765pt>
<figures/X3/Enemies/drillwayingsprite.png, id=711, 23.08624pt x 98.3675pt>
<figures/X3/Enemies/DrimoleW.png, id=712, 54.2025pt x 36.135pt>
<figures/X3/Enemies/earthcommandersprite.png, id=713, 29.10875pt x 30.1125pt>
 [117]
<figures/X3/Enemies/escanail.png, id=717, 32.12pt x 63.23625pt>
<figures/X2/Enemies/sprite_Fishern.png, id=718, 68.255pt x 23.08624pt>
<figures/X1/Enemies/sprite_flamer.png, id=719, 20.4765pt x 16.26076pt>
<figures/X1/Enemies/sprite_flammingle.png, id=720, 17.46526pt x 45.771pt>
<figures/X3/Enemies/GansekiCarrierwebp.png, id=721, 50.1875pt x 74.2775pt>
 [118]
<figures/X2/Enemies/sprite_GarakutaRobot.png, id=725, 43.16125pt x 52.195pt>
<figures/X1/Enemies/sprite_gulpfer.png, id=726, 25.2945pt x 28.30576pt>
<figures/X1/Enemies/sprite_gunvolt.png, id=727, 10.5996pt x 14.2131pt>
<figures/X3/Enemies/HammaHamma.png, id=728, 58.2175pt x 57.21375pt>
<figures/X2/Enemies/sprite_HangedReploid.png, id=729, 18.0675pt x 71.26625pt>
 [119]
<figures/X3/Enemies/hangerter.png, id=733, 49.18375pt x 24.09pt>
<figures/X3/Enemies/headgunnercustomer.png, id=734, 38.1425pt x 45.16875pt>
<figures/X3/Enemies/headgunnermasspro.png, id=735, 39.14626pt x 40.15pt>
<figures/X3/Enemies/helitsprite.png, id=736, 39.14626pt x 36.135pt>
<figures/X1/Enemies/sprite_hoganmer.png, id=737, 22.8855pt x 21.07875pt>
<figures/X1/Enemies/sprite_hotarion.png, id=738, 29.51025pt x 30.1125pt>
 [120]
<figures/X3/Enemies/icedevoux.png, id=743, 35.13126pt x 37.13875pt>
<figures/X2/Enemies/sprite_Installer.png, id=744, 50.1875pt x 50.1875pt>
<figures/X3/Enemies/iwandevoux.png, id=745, 35.13126pt x 37.13875pt>
<figures/X1/Enemies/sprite_jamminger.png, id=746, 19.87425pt x 20.4765pt>
<figures/X2/Enemies/sprite_JellySeeker.png, id=747, 26.0975pt x 42.1575pt>
 [121]
<figures/X1/Enemies/sprite_ladderyadder.png, id=751, 16.863pt x 19.87425pt>
<figures/X1/Enemies/sprite_liftcannon.png, id=752, 8.1906pt x 22.4037pt>
<figures/X1/Enemies/sprite_madpecker.png, id=753, 13.85175pt x 22.8855pt>
<figures/X2/Enemies/sprite_MechaArm.png, id=754, 20.075pt x 94.3525pt>
<figures/X1/Enemies/sprite_megatortoise.png, id=755, 43.362pt x 28.30576pt>
<figures/X3/Enemies/Metacapsule.png, id=756, 36.135pt x 31.11626pt>
 [122]
<figures/X1/Enemies/sprite_metalwing.png, id=760, 22.28325pt x 11.44275pt>
<figures/X1/Enemies/sprite_mettalc15.png, id=761, 13.85175pt x 13.2495pt>
<figures/X3/Enemies/MineTortoise.png, id=762, 42.1575pt x 39.14626pt>
<figures/X2/Enemies/sprite_Morgun.png, id=763, 41.15375pt x 47.17625pt>
<figures/X3/Enemies/notorbanger.png, id=764, 41.15375pt x 34.1275pt>
 [123]
<figures/X2/Enemies/sprite_pararoid.png, id=768, 37.13875pt x 28.105pt>
<figures/X2/Enemies/sprite_pararoidv1.png, id=769, 32.12pt x 12.045pt>
<figures/X1/Enemies/sprite_planty.png, id=770, 13.2495pt x 13.85175pt>
<figures/X1/Enemies/sprite_raybit.png, id=771, 17.46526pt x 19.87425pt>
<figures/X1/Enemies/sprite_raytrap.png, id=772, 6.0225pt x 6.2634pt>
<figures/X2/Enemies/sprite_Refleczer.png, id=773, 24.09pt x 36.135pt>

[124]
<figures/X2/Enemies/sprite_RideloidG.png, id=777, 62.2325pt x 63.23625pt>
<figures/X2/Enemies/sprite_Rightod.png, id=778, 39.14626pt x 42.1575pt>
<figures/X1/Enemies/sprite_roadattacker.png, id=779, 42.1575pt x 22.8855pt>
<figures/X2/Enemies/sprite_RideChaserCheval.png, id=780, 53.19875pt x 46.1725pt
>
<figures/X1/Enemies/sprite_rollinggabyoall.png, id=781, 13.85175pt x 15.6585pt>

 [125]
<figures/X1/Enemies/sprite_rushroader.png, id=785, 30.1125pt x 20.4765pt>
<figures/X2/Enemies/sprite_Sabottein.png, id=786, 20.075pt x 38.1425pt>
<figures/X2/Enemies/sprite_scrambler.png, id=787, 34.1275pt x 45.16875pt>
<figures/X1/Enemies/sprite_scraprobo.png, id=788, 21.681pt x 22.8855pt>
<figures/X2/Enemies/sprite_scriver.png, id=789, 37.13875pt x 26.0975pt>
 [126]
<figures/X1/Enemies/sprite_seaattacker.png, id=794, 13.85175pt x 24.09pt>
<figures/X1/Enemies/sprite_sinefaller.png, id=795, 15.6585pt x 18.0675pt>
<figures/X1/Enemies/sprite_skyclaw.png, id=796, 20.4765pt x 23.48775pt>
<figures/X2/Enemies/sprite_SkyFarmer.png, id=797, 32.12pt x 59.22125pt>
<figures/X2/Enemies/sprite_slidame.png, id=798, 40.15pt x 32.12pt>
<figures/X1/Enemies/sprite_slidecannon.png, id=799, 39.7485pt x 20.4765pt>
 [127]
<figures/X1/Enemies/sprite_snowshooter.png, id=803, 12.64725pt x 27.10126pt>
<figures/X3/Enemies/SnowRider.png, id=804, 43.16125pt x 36.135pt>
<figures/X3/Enemies/SnowSlider.png, id=805, 69.25874pt x 36.135pt>
<figures/X2/Enemies/sprite_SoleSolar.png, id=806, 31.11626pt x 86.3225pt>
<figures/X1/Enemies/sprite_spiky.png, id=807, 37.13875pt x 37.13875pt>
<figures/X2/Enemies/sprite_tiranos.png, id=808, 40.15pt x 34.1275pt>
 [128]
<figures/X1/Enemies/sprite_tombot.png, id=812, 24.69225pt x 11.44275pt>
<figures/X3/Enemies/Tombort.png, id=813, 43.16125pt x 26.0975pt>
<figures/X3/Enemies/Trapper.png, id=814, 26.0975pt x 17.06375pt>
<figures/X2/Enemies/sprite_TubamailGenerator.png, id=815, 50.1875pt x 19.07124p
t>
<figures/X2/Enemies/sprite_Tubamail-s.png, id=816, 42.1575pt x 26.0975pt>
<figures/X1/Enemies/sprite_turncannon.png, id=817, 8.1906pt x 5.2998pt>
 [129]
<figures/X3/Enemies/victoroid.png, id=821, 68.255pt x 54.2025pt>
<figures/X3/Enemies/victoroidcustomer.png, id=822, 68.255pt x 54.2025pt>
<figures/X3/Enemies/WalkBlaster.png, id=823, 43.16125pt x 41.15375pt>
<figures/X3/Enemies/Wallcancer.png, id=824, 36.135pt x 46.1725pt>
<figures/X2/Enemies/sprite_weathercrystal.png, id=825, 30.1125pt x 33.12375pt>
 [130]
<figures/X3/Enemies/WildTank.png, id=829, 52.195pt x 55.20625pt>
) [131]
Appendix C.
[132

]
Appendix D.
(./src/tables.tex
<figures/X1/weapons/Xbuster.png, id=837, 60.225pt x 51.19125pt>
<figures/X1/weapons/Homig_T.jpg, id=838, 60.225pt x 50.1875pt>
<figures/X1/weapons/C_sting.jpg, id=839, 60.225pt x 50.1875pt>
<figures/X1/weapons/Rolling_S.jpg, id=840, 60.225pt x 50.1875pt>
<figures/X1/weapons/F_wave.jpg, id=841, 60.225pt x 50.1875pt>
<figures/X1/weapons/Storm_T.jpg, id=842, 60.225pt x 51.19125pt>
<figures/X1/weapons/E_Spark.jpg, id=843, 60.225pt x 51.19125pt>
<figures/X1/weapons/B_cutter.jpg, id=844, 60.225pt x 50.1875pt>
<figures/X1/weapons/S_ice.jpg, id=845, 60.225pt x 51.19125pt>
<figures/X1/weapons/hadoken_sprite.png, id=846, 73.27374pt x 56.21pt>
 [133

]

LaTeX Warning: Reference `shoryuken' on page 134 undefined on input line 46.

<figures/X2/weapons/C_hunter.png, id=850, 46.1725pt x 41.15375pt>
<figures/X2/weapons/B_splash.png, id=851, 46.1725pt x 41.15375pt>
<figures/X2/weapons/S_shot.png, id=852, 46.1725pt x 40.15pt>
<figures/X2/weapons/S_wheel.png, id=853, 46.1725pt x 41.15375pt>
<figures/X2/weapons/S_slicer.png, id=854, 46.1725pt x 40.15pt>
<figures/X2/weapons/S_chain.png, id=855, 46.1725pt x 40.15pt>
<figures/X2/weapons/M_mine.png, id=856, 46.1725pt x 41.15375pt>
<figures/X2/weapons/S_burner.png, id=857, 46.1725pt x 41.15375pt>
<figures/X2/weapons/G_crush.png, id=858, 46.1725pt x 40.15pt>
<figures/X2/weapons/Shoryuken_ico.png, id=859, 36.135pt x 81.30376pt>
[134]
<figures/X3/weapons/Saber.png, id=863, 10.1178pt x 12.2859pt>
) (./MMX_Compendium.bbl [135]
Underfull \hbox (badness 1199) in paragraph at lines 84--87
\T1/cmr/m/n/10 ual. [On-line]. Avail-able: $https : / / usermanual . wiki / Cap
com /
 []


Underfull \hbox (badness 10000) in paragraph at lines 84--87
\T1/cmr/m/n/10 CapcomVideoGamesPlaystationportableUsersManual536674 . 877059048
 .
 []

[136

] [137] [138] [139] [140] [141] [142] [143]) [144] (./MMX_Compendium.aux)
 ***********
LaTeX2e <2023-11-01> patch level 1
L3 programming layer <2024-01-22>
 ***********


LaTeX Warning: There were undefined references.

 ) 
Here is how much of TeX's memory you used:
 19328 strings out of 474221
 399602 string characters out of 5750188
 1957978 words of memory out of 5000000
 41329 multiletter control sequences out of 15000+600000
 578329 words of font info for 73 fonts, out of 8000000 for 9000
 1141 hyphenation exceptions out of 8191
 80i,18n,93p,2110b,652s stack positions out of 10000i,1000n,20000p,200000b,200000s
<c:/texlive/2023/texmf-dist/fonts/type1/public/fontawesome5/FontAwesome5Free-
Solid.pfb><c:/texlive/2023/texmf-dist/fonts/type1/public/amsfonts/cm/cmr10.pfb>
<c:/texlive/2023/texmf-dist/fonts/type1/public/amsfonts/cm/cmr9.pfb><c:/texlive
/2023/texmf-dist/fonts/type1/public/amsfonts/cm/cmsy10.pfb><c:/texlive/2023/tex
mf-dist/fonts/type1/public/cm-super/sfbi1000.pfb><c:/texlive/2023/texmf-dist/fo
nts/type1/public/cm-super/sfbi1440.pfb><c:/texlive/2023/texmf-dist/fonts/type1/
public/cm-super/sfbx1000.pfb><c:/texlive/2023/texmf-dist/fonts/type1/public/cm-
super/sfbx1200.pfb><c:/texlive/2023/texmf-dist/fonts/type1/public/cm-super/sfbx
1440.pfb><c:/texlive/2023/texmf-dist/fonts/type1/public/cm-super/sfbx2074.pfb><
c:/texlive/2023/texmf-dist/fonts/type1/public/cm-super/sfbx2488.pfb><c:/texlive
/2023/texmf-dist/fonts/type1/public/cm-super/sfrm0600.pfb><c:/texlive/2023/texm
f-dist/fonts/type1/public/cm-super/sfrm0700.pfb><c:/texlive/2023/texmf-dist/fon
ts/type1/public/cm-super/sfrm0800.pfb><c:/texlive/2023/texmf-dist/fonts/type1/p
ublic/cm-super/sfrm0900.pfb><c:/texlive/2023/texmf-dist/fonts/type1/public/cm-s
uper/sfrm1000.pfb><c:/texlive/2023/texmf-dist/fonts/type1/public/cm-super/sfrm1
200.pfb><c:/texlive/2023/texmf-dist/fonts/type1/public/cm-super/sfrm1728.pfb><c
:/texlive/2023/texmf-dist/fonts/type1/public/cm-super/sfti0800.pfb><c:/texlive/
2023/texmf-dist/fonts/type1/public/cm-super/sfti0900.pfb><c:/texlive/2023/texmf
-dist/fonts/type1/public/cm-super/sfti1000.pfb><c:/texlive/2023/texmf-dist/font
s/type1/public/cm-super/sftt1000.pfb><c:/texlive/2023/texmf-dist/fonts/type1/pu
blic/cm-super/sftt1200.pfb>
Output written on MMX_Compendium.pdf (145 pages, 745034 bytes).
PDF statistics:
 1005 PDF objects out of 1200 (max. 8388607)
 398 compressed objects within 4 object streams
 0 named destinations out of 1000 (max. 500000)
 2036 words of extra memory for PDF output out of 10000 (max. 10000000)

